TN:
SF:src\app\presentation\errors\not-found-error.ts
FN:2,NotFoundError
FNF:1
FNH:1
FNDA:6,NotFoundError
DA:1,1
DA:2,1
DA:3,6
DA:4,6
DA:5,1
LF:5
LH:5
BRDA:2,0,0,6
BRF:1
BRH:1
end_of_record
TN:
SF:src\app\presentation\errors\unathorized.ts
FN:2,Unathorized
FNF:1
FNH:1
FNDA:2,Unathorized
DA:1,1
DA:2,1
DA:3,2
DA:4,2
DA:5,1
LF:5
LH:5
BRDA:2,0,0,2
BRF:1
BRH:1
end_of_record
TN:
SF:src\app\usecases\auth\login.usecase.ts
FN:26,execute
FN:20,LoginUsecase
FNF:2
FNH:2
FNDA:5,execute
FNDA:5,LoginUsecase
DA:1,1
DA:2,1
DA:3,1
DA:4,1
DA:5,1
DA:6,1
DA:7,1
DA:8,1
DA:9,1
DA:10,1
DA:11,1
DA:12,1
DA:13,1
DA:14,1
DA:15,1
DA:16,1
DA:17,1
DA:18,1
DA:19,1
DA:20,1
DA:21,5
DA:22,5
DA:23,5
DA:24,5
DA:25,1
DA:26,1
DA:27,5
DA:28,1
DA:29,1
DA:30,4
DA:31,5
DA:32,1
DA:33,1
DA:34,3
DA:35,3
DA:36,5
DA:37,1
DA:38,1
DA:39,2
DA:40,5
DA:41,1
DA:42,1
DA:43,1
DA:44,1
DA:45,1
DA:46,1
DA:47,1
DA:48,1
DA:49,1
DA:50,1
LF:50
LH:50
BRDA:26,0,0,5
BRDA:27,1,0,1
BRDA:30,2,0,4
BRDA:31,3,0,1
BRDA:34,4,0,3
BRDA:36,5,0,1
BRDA:39,6,0,2
BRDA:40,7,0,1
BRDA:20,8,0,5
BRF:9
BRH:9
end_of_record
TN:
SF:src\app\usecases\auth\update-password.usecase.ts
FN:13,execute
FN:8,UpdateUserPasswordUsecase
FNF:2
FNH:2
FNDA:4,execute
FNDA:4,UpdateUserPasswordUsecase
DA:1,1
DA:2,1
DA:3,1
DA:4,1
DA:5,1
DA:6,1
DA:7,1
DA:8,1
DA:9,4
DA:10,4
DA:11,4
DA:12,1
DA:13,1
DA:14,4
DA:15,1
DA:16,1
DA:17,3
DA:18,4
DA:19,1
DA:20,1
DA:21,2
DA:22,2
DA:23,4
DA:24,1
DA:25,1
DA:26,1
DA:27,1
DA:28,1
DA:29,1
DA:30,1
DA:31,1
DA:32,1
DA:33,1
DA:34,1
DA:35,1
DA:36,1
LF:36
LH:36
BRDA:13,0,0,4
BRDA:14,1,0,1
BRDA:17,2,0,3
BRDA:18,3,0,1
BRDA:21,4,0,2
BRDA:23,5,0,1
BRDA:8,6,0,4
BRF:7
BRH:7
end_of_record
TN:
SF:src\app\usecases\user\create.usecase.ts
FN:21,execute
FN:15,CreateUserUsecase
FNF:2
FNH:2
FNDA:6,execute
FNDA:6,CreateUserUsecase
DA:1,1
DA:2,1
DA:3,1
DA:4,1
DA:5,1
DA:6,1
DA:7,1
DA:8,1
DA:9,1
DA:10,1
DA:11,1
DA:12,1
DA:13,1
DA:14,1
DA:15,1
DA:16,6
DA:17,6
DA:18,6
DA:19,6
DA:20,1
DA:21,1
DA:22,6
DA:23,6
DA:24,6
DA:25,6
DA:26,6
DA:27,1
DA:28,1
DA:29,5
DA:30,6
DA:31,1
DA:32,1
DA:33,3
DA:34,6
DA:35,1
DA:36,1
DA:37,2
DA:38,2
DA:39,2
DA:40,2
DA:41,6
DA:42,1
DA:43,1
DA:44,1
DA:45,1
DA:46,1
DA:47,1
DA:48,1
DA:49,1
LF:49
LH:49
BRDA:21,0,0,6
BRDA:26,1,0,1
BRDA:29,2,0,5
BRDA:30,3,0,1
BRDA:33,4,0,3
BRDA:34,5,0,1
BRDA:37,6,0,2
BRDA:41,7,0,1
BRDA:15,8,0,6
BRF:9
BRH:9
end_of_record
TN:
SF:src\app\usecases\user\find-by-id.usecase.ts
FN:9,execute
FN:7,FindUserByIdUsecase
FNF:2
FNH:2
FNDA:3,execute
FNDA:3,FindUserByIdUsecase
DA:1,1
DA:2,1
DA:3,1
DA:4,1
DA:5,1
DA:6,1
DA:7,1
DA:8,1
DA:9,1
DA:10,3
DA:11,1
DA:12,1
DA:13,2
DA:14,2
DA:15,3
DA:16,1
DA:17,1
DA:18,1
DA:19,1
DA:20,1
DA:21,1
LF:21
LH:21
BRDA:9,0,0,3
BRDA:10,1,0,1
BRDA:13,2,0,2
BRDA:15,3,0,1
BRDA:7,4,0,3
BRF:5
BRH:5
end_of_record
TN:
SF:src\app\usecases\user\list-all.usecase.ts
FN:7,execute
FN:5,ListAllUsersUsecase
FNF:2
FNH:2
FNDA:1,execute
FNDA:1,ListAllUsersUsecase
DA:1,1
DA:2,1
DA:3,1
DA:4,1
DA:5,1
DA:6,1
DA:7,1
DA:8,1
DA:9,1
DA:10,1
DA:11,1
LF:11
LH:11
BRDA:7,0,0,1
BRDA:5,1,0,1
BRF:2
BRH:2
end_of_record
TN:
SF:src\app\utils\errors\invalid-param-error.ts
FN:2,InvalidParamError
FNF:1
FNH:1
FNDA:2,InvalidParamError
DA:1,1
DA:2,1
DA:3,2
DA:4,2
DA:5,1
LF:5
LH:5
BRDA:2,0,0,2
BRF:1
BRH:1
end_of_record
TN:
SF:src\app\utils\errors\missing-param-error.ts
FN:2,MissingParamError
FNF:1
FNH:1
FNDA:16,MissingParamError
DA:1,1
DA:2,1
DA:3,16
DA:4,16
DA:5,1
LF:5
LH:5
BRDA:2,0,0,16
BRF:1
BRH:1
end_of_record
TN:
SF:src\app\utils\helpers\email-validator.ts
FN:6,isValid
FNF:1
FNH:1
FNDA:5,isValid
DA:1,1
DA:2,1
DA:3,1
DA:4,1
DA:5,1
DA:6,1
DA:7,5
DA:8,1
DA:9,1
DA:10,4
DA:11,4
DA:12,4
DA:13,1
LF:13
LH:13
BRDA:6,0,0,5
BRDA:7,1,0,1
BRDA:10,2,0,4
BRF:3
BRH:3
end_of_record
TN:
SF:src\app\utils\helpers\encrypter.ts
FN:6,compare
FN:18,encrypt
FNF:2
FNH:2
FNDA:2,compare
FNDA:7,encrypt
DA:1,1
DA:2,1
DA:3,1
DA:4,1
DA:5,1
DA:6,1
DA:7,2
DA:8,0
DA:9,0
DA:10,2
DA:11,2
DA:12,0
DA:13,0
DA:14,2
DA:15,2
DA:16,2
DA:17,1
DA:18,1
DA:19,7
DA:20,0
DA:21,0
DA:22,7
DA:23,7
DA:24,7
DA:25,7
DA:26,1
LF:26
LH:20
BRDA:6,0,0,2
BRDA:7,1,0,0
BRDA:11,2,0,0
BRDA:18,3,0,7
BRDA:19,4,0,0
BRF:5
BRH:2
end_of_record
TN:
SF:src\app\utils\helpers\token-generator.ts
FN:9,generate
FN:17,validate
FNF:2
FNH:1
FNDA:1,generate
FNDA:0,validate
DA:1,1
DA:2,1
DA:3,1
DA:4,1
DA:5,1
DA:6,1
DA:7,1
DA:8,1
DA:9,1
DA:10,1
DA:11,0
DA:12,0
DA:13,1
DA:14,1
DA:15,1
DA:16,1
DA:17,1
DA:18,0
DA:19,0
DA:20,0
DA:21,0
DA:22,0
DA:23,0
DA:24,1
LF:24
LH:16
BRDA:9,0,0,1
BRDA:10,1,0,0
BRF:2
BRH:1
end_of_record
TN:
SF:src\domain\user.ts
FN:18,get id
FN:22,get name
FN:26,get email
FN:30,get password
FN:34,toJson
FN:16,User
FNF:6
FNH:6
FNDA:6,get id
FNDA:3,get name
FNDA:6,get email
FNDA:2,get password
FNDA:2,toJson
FNDA:7,User
DA:1,1
DA:2,1
DA:3,1
DA:4,1
DA:5,1
DA:6,1
DA:7,1
DA:8,1
DA:9,1
DA:10,1
DA:11,1
DA:12,1
DA:13,1
DA:14,1
DA:15,1
DA:16,1
DA:17,1
DA:18,1
DA:19,6
DA:20,6
DA:21,1
DA:22,1
DA:23,3
DA:24,3
DA:25,1
DA:26,1
DA:27,6
DA:28,6
DA:29,1
DA:30,1
DA:31,2
DA:32,2
DA:33,1
DA:34,1
DA:35,2
DA:36,2
DA:37,2
DA:38,2
DA:39,2
DA:40,2
DA:41,1
LF:41
LH:41
BRDA:18,0,0,6
BRDA:19,1,0,0
BRDA:22,2,0,3
BRDA:26,3,0,6
BRDA:30,4,0,2
BRDA:34,5,0,2
BRDA:16,6,0,7
BRF:7
BRH:6
end_of_record
TN:
SF:src\tests\repositories\inMemoryUserRepository.ts
FN:7,findByEmail
FN:16,findById
FN:25,listAll
FN:29,create
FN:33,update
FN:38,delete
FNF:6
FNH:5
FNDA:5,findByEmail
FNDA:4,findById
FNDA:1,listAll
FNDA:6,create
FNDA:1,update
FNDA:0,delete
DA:1,1
DA:2,1
DA:3,1
DA:4,1
DA:5,1
DA:6,1
DA:7,1
DA:8,5
DA:9,5
DA:10,2
DA:11,2
DA:12,3
DA:13,3
DA:14,3
DA:15,1
DA:16,1
DA:17,4
DA:18,4
DA:19,2
DA:20,2
DA:21,2
DA:22,2
DA:23,2
DA:24,1
DA:25,1
DA:26,1
DA:27,1
DA:28,1
DA:29,1
DA:30,6
DA:31,6
DA:32,1
DA:33,1
DA:34,1
DA:35,1
DA:36,1
DA:37,1
DA:38,1
DA:39,0
DA:40,0
DA:41,0
DA:42,1
LF:42
LH:39
BRDA:7,0,0,5
BRDA:9,1,0,4
BRDA:9,2,0,2
BRDA:12,3,0,3
BRDA:8,4,0,3
BRDA:16,5,0,4
BRDA:18,6,0,2
BRDA:17,7,0,2
BRDA:25,8,0,1
BRDA:29,9,0,6
BRDA:33,10,0,1
BRDA:34,11,0,1
BRF:12
BRH:12
end_of_record
